GET /api/contacts 02-07-2023_06:15:46
GET /api/contacts 02-07-2023_06:16:22
GET /api/contacts 02-07-2023_06:24:03
GET /api/contacts 02-07-2023_06:37:59
GET /api/contacts/AeHIrLTr6JkxGE6SN-0Rw 02-07-2023_06:38:24
GET /api/contacts/AeHIrLTr6JkxGE6SN-0Rw 02-07-2023_06:38:51
GET /api/contacts/AeHIrLTr6JkxGE6SN-0Rw 02-07-2023_06:39:41
GET /api/contacts/AeHIrLTr6JkxGE6SN-0Rw 02-07-2023_06:41:22
GET /api/contacts/AeHIrLTr6JkxGE6SN-0Rw 02-07-2023_06:41:47
GET /api/contacts/AeHIrLTr6JkxGE6SN-0Rw 02-07-2023_07:05:13
GET /api/contacts/AeHIrLTr67JkxGE6SN-0Rw 02-07-2023_07:05:22
GET /api/contacts/AeHIrLTr67JkxGE6SN-0Rw 02-07-2023_07:06:22
GET /api/contacts/AeHIrLTr67JkxGE6SN-0Rw 02-07-2023_07:21:15
GET /api/contacts/AeHIrLTr6JkxGE6SN-0Rw 02-07-2023_07:21:23
POST /api/contacts 02-07-2023_07:36:24
POST /api/contacts 02-07-2023_07:37:52
POST /api/contacts 02-07-2023_07:45:08
POST /api/contacts 02-07-2023_07:46:27
GET /api/contacts 02-07-2023_07:49:20
GET /api/contacts/qdggE76Jtbfd9eWJHrssH 02-07-2023_07:49:33
POST /api/contacts/qdggE76Jtbfd9eWJHrssH 02-07-2023_07:50:26
POST /api/contacts/ 02-07-2023_07:50:40
GET /api/contacts/6Zlv0uYQ6Aj5O8OBhbsUL 02-07-2023_07:51:04
POST /api/contacts 02-07-2023_07:54:10
POST /api/contacts 02-07-2023_07:55:59
POST /api/contacts 02-07-2023_08:10:20
POST /api/contacts 02-07-2023_08:21:50
POST /api/contacts 02-07-2023_08:22:33
POST /api/contacts 02-07-2023_08:37:50
DELETE /api/contacts/umUgVo-eC3AZm3HTZo304 02-07-2023_08:51:10
DELETE /api/contacts/umUgVo-eC3AZm3HTZo304 02-07-2023_08:51:52
DELETE /api/contacts/ 02-07-2023_08:52:34
DELETE /api/contacts/Cyr5een2V_K0vXoU8MqC0 02-07-2023_08:52:51
PUT /api/contacts/Cyr5een2V_K0vXoU8MqC0 02-07-2023_08:55:51
POST /api/contacts/Cyr5een2V_K0vXoU8MqC0 02-07-2023_08:56:35
POST /api/contacts 02-07-2023_08:56:51
DELETE /api/contacts/pJr9q0Gv7UP4vwkW4w0Vr 02-07-2023_08:57:13
GET /api/contacts 02-07-2023_01:03:42
GET /api/contacts 02-07-2023_01:10:23
GET /api/contacts/rsKkOQUi80UsgVPCcLZZW 02-07-2023_01:10:53
POST /api/contacts 02-07-2023_01:11:45
POST /api/contacts 02-07-2023_01:15:58
PATCH /api/contacts/kIlIrkyNylC3lNWX4WJEC 02-07-2023_01:16:23
PATCH /api/contacts/kIlIrkyNylC3lNWX4WJEC 02-07-2023_01:16:49
DELETE /api/contacts/kIlIrkyNylC3lNWX4WJEC 02-07-2023_01:17:02
GET /api/contacts/kIlIrkyNylC3lNWX4WJEC 02-07-2023_01:22:24
GET /api/contacts 02-07-2023_01:22:36
POST /api/contacts 02-07-2023_01:24:26
PATCH /api/contacts/EOh-mieBp2Qnu-cRUdVQ7 02-07-2023_01:25:10
DELETE /api/contacts/EOh-mieBp2Qnu-cRUdVQ7 02-07-2023_01:25:19
GET /api/contacts 02-07-2023_01:43:04
GET /api/contacts/qdggE76Jtbfd9eWJHrssH 02-07-2023_01:43:45
POST /api/contacts 02-07-2023_01:45:08
PATCH /api/contacts 02-07-2023_01:45:30
PATCH /api/contacts/N6-KBAHM80qgTdvH8HK2A 02-07-2023_01:45:53
DELETE /api/contacts/N6-KBAHM80qgTdvH8HK2A 02-07-2023_01:46:02
GET /api/contacts 06-07-2023_05:40:32
GET /api/contacts/AeHIrLTr6JkxGE6SN-0Rw 06-07-2023_05:40:53
POST /api/contacts/AeHIrLTr6JkxGE6SN-0Rw 06-07-2023_05:42:47
POST /api/contacts 06-07-2023_05:43:02
PATCH /api/contacts/Dqo38z6DLk8Rk9ir-xg5g 06-07-2023_05:44:02
DELETE /api/contacts/Dqo38z6DLk8Rk9ir-xg5g 06-07-2023_05:44:20
GET /api/contacts 09-07-2023_05:43:56
POST /api/contacts 09-07-2023_06:10:39
POST /api/contacts 09-07-2023_06:12:32
POST /api/contacts 09-07-2023_06:15:16
POST /api/contacts 09-07-2023_06:16:18
POST /api/contacts 09-07-2023_06:19:17
GET /api/contacts 09-07-2023_06:20:18
POST /api/contacts 09-07-2023_06:20:50
POST /api/contacts 09-07-2023_06:21:39
GET /api/contacts 09-07-2023_06:21:56
GET /api/contacts 09-07-2023_07:33:28
GET /api/contacts/64a638dbb426a82f976a3b5b 09-07-2023_07:44:32
GET /api/contacts 09-07-2023_08:07:55
PATCH /api/contacts/64aa27c3c4311b4d51bd07de 09-07-2023_08:09:12
PATCH /api/contacts/64aa27c3c4311b4d51bd07de 09-07-2023_08:10:18
GET /api/contacts/64aa27c3c4311b4d51bd07de 09-07-2023_08:11:04
GET /api/contacts 09-07-2023_08:11:18
GET /api/contacts/64a638dbb426a82f976a3b53 09-07-2023_08:11:38
GET /api/contacts 09-07-2023_08:13:43
GET /api/contacts/64a638dbb426a82f976a3b53 09-07-2023_08:14:00
GET /api/contacts 09-07-2023_08:15:09
GET /api/contacts/64aa27c3c4311b4d51bd07de 09-07-2023_08:15:23
GET /api/contacts/64aa27c3c4311b4d51bd07de 09-07-2023_08:16:20
GET /api/contacts 09-07-2023_08:16:35
GET /api/contacts/64a638dbb426a82f976a3b53 09-07-2023_08:16:58
GET /api/contacts 09-07-2023_08:23:31
GET /api/contacts/64aa27c3c4311b4d51bd07de 09-07-2023_08:23:45
GET /api/contacts/64aa27c3c4311b4d51bd07de 09-07-2023_08:32:44
GET /api/contacts/64aa27c3c4311b4d51bd07de 09-07-2023_08:34:21
GET /api/contacts 09-07-2023_08:44:03
GET /api/contacts/64a638dbb426a82f976a3b53 09-07-2023_08:44:16
GET /api/contacts/64a638dbb426a82f976a3b53 09-07-2023_08:45:36
GET /api/contacts/ 09-07-2023_08:45:55
GET /api/contacts/64aa27c3c4311b4d51bd07de 09-07-2023_08:46:10
GET /api/contacts/64aa27c3c4311b4d51bd07de 09-07-2023_08:49:00
PATCH /api/contacts/64aa27c3c4311b4d51bd07de/favorite 09-07-2023_10:24:43
GET /api/contacts 09-07-2023_10:25:14
PATCH /api/contacts/64a638dbb426a82f976a3b53/favorite 09-07-2023_10:34:04
PATCH /api/contacts/64a638dbb426a82f976a3b53/favorite 09-07-2023_10:34:23
PATCH /api/contacts/64a638dbb426a82f976a3b53/favorite 09-07-2023_10:35:21
PATCH /api/contacts/64a638dbb426a82f976a3b53/favorite 09-07-2023_10:35:56
GET /api/contacts/ 09-07-2023_10:39:22
DELETE /api/contacts/64aa27c3c4311b4d51bd07de 09-07-2023_10:40:18
POST /api/contacts/ 09-07-2023_10:43:51
POST /api/contacts/ 09-07-2023_10:44:26
PATCH /api/contacts/64aa655abe34f88c3fb4bee7/favorite 09-07-2023_10:47:44
POST /api/users/register 14-07-2023_06:20:13
POST /api/users/register 14-07-2023_06:28:24
POST /api/users/register 14-07-2023_06:30:21
POST /api/users/register 14-07-2023_06:52:44
POST /api/users/register 14-07-2023_06:52:54
POST /api/users/register 14-07-2023_06:59:51
POST /api/users/register 14-07-2023_07:00:50
POST /api/users/register 14-07-2023_07:01:00
POST /api/users/register 14-07-2023_07:01:07
POST /api/users/register 14-07-2023_07:01:27
POST /api/users/register 14-07-2023_07:01:33
POST /api/users/register 15-07-2023_05:34:18
POST /api/users/register 15-07-2023_05:34:40
POST /api/users/register 15-07-2023_05:52:49
POST /api/users/register 15-07-2023_06:05:05
POST /api/users/register 15-07-2023_06:45:11
POST /api/users/register 15-07-2023_06:50:13
POST /api/users/register 15-07-2023_07:26:35
POST /api/users/register 15-07-2023_07:26:50
POST /api/users/register 15-07-2023_07:46:09
POST /api/users/register 15-07-2023_07:50:47
POST /api/users/register 15-07-2023_07:50:51
POST /api/users/register 15-07-2023_08:20:12
POST /api/users/login 16-07-2023_06:25:41
GET /api/contacts 16-07-2023_07:41:40
POST /api/users/register 16-07-2023_07:47:32
POST /api/users/login 16-07-2023_07:48:33
GET /api/contacts 16-07-2023_07:48:53
GET /api/contacts 16-07-2023_07:49:11
GET /api/contacts 16-07-2023_07:56:00
POST /api/users/register 16-07-2023_09:17:49
POST /api/users/register 16-07-2023_09:17:54
GET /api/contacts 16-07-2023_09:21:11
POST /api/users/register 16-07-2023_09:22:55
POST /api/users/login 16-07-2023_09:23:23
POST /api/contacts 16-07-2023_09:42:00
POST /api/contacts 16-07-2023_09:42:16
POST /api/contacts 16-07-2023_09:43:49
POST /api/contacts 16-07-2023_09:45:04
GET /api/contacts 16-07-2023_01:31:05
POST /api/users/register 16-07-2023_01:33:58
POST /api/users/login 16-07-2023_01:35:04
POST /api/users/login 16-07-2023_01:35:50
POST /api/contacts 16-07-2023_01:40:01
POST /api/contacts 16-07-2023_01:42:16
POST /api/contacts 16-07-2023_01:42:58
POST /api/users/register 16-07-2023_01:45:52
POST /api/users/login 16-07-2023_01:47:40
POST /api/contacts 16-07-2023_01:50:41
GET /api/contacts 16-07-2023_01:56:46
GET /api/contacts 16-07-2023_02:06:56
GET /api/contacts 16-07-2023_02:08:32
POST /api/users/register 16-07-2023_02:10:59
POST /api/users/login 16-07-2023_02:11:16
GET /api/contacts 16-07-2023_02:13:23
GET /api/contacts 16-07-2023_06:02:23
GET /api/contacts 16-07-2023_06:03:09
GET /api/contacts 16-07-2023_06:03:47
POST /api/users/login 16-07-2023_06:20:28
POST /api/users/register 16-07-2023_06:28:27
POST /api/users/login 16-07-2023_06:28:36
POST /api/contacts 16-07-2023_06:29:52
POST /api/users/register 16-07-2023_06:43:59
POST /api/users/register 16-07-2023_06:44:03
POST /api/users/register 16-07-2023_06:49:05
POST /api/users/login 16-07-2023_06:49:20
POST /api/contacts 16-07-2023_06:50:00
GET /api/contacts 16-07-2023_06:52:38
POST /api/users/register 16-07-2023_06:54:23
POST /api/users/login 16-07-2023_06:54:33
POST /api/contacts 16-07-2023_06:55:57
GET /api/contacts 16-07-2023_06:57:25
POST /api/users/register 16-07-2023_07:01:04
POST /api/users/login 16-07-2023_07:01:46
POST /api/contacts 16-07-2023_07:03:21
POST /api/users/register 16-07-2023_07:03:52
POST /api/users/login 16-07-2023_07:03:57
POST /api/contacts 16-07-2023_07:04:40
GET /api/contacts 16-07-2023_07:05:18
GET /api/contacts 16-07-2023_07:05:42
GET /api/contacts 16-07-2023_07:38:56
GET /api/contacts 16-07-2023_07:39:44
POST /api/contacts 16-07-2023_07:56:01
POST /api/contacts 16-07-2023_07:56:35
GET /api/contacts?page=2&limit=2 16-07-2023_07:56:55
GET /api/contacts?page=1&limit=2 16-07-2023_07:57:16
GET /api/contacts?page=5&limit=2 16-07-2023_07:57:53
GET /api/users/logout 16-07-2023_08:36:08
POST /api/users/logout 16-07-2023_08:37:24
POST /api/users/login 16-07-2023_08:37:35
POST /api/users/logout 16-07-2023_08:38:12
POST /api/users/register 20-07-2023_06:28:18
POST /api/users/register 20-07-2023_06:38:08
POST /api/users/register 20-07-2023_06:38:54
POST /api/users/register 20-07-2023_06:39:01
POST /api/users/login 20-07-2023_06:48:41
PATCH /api/users/avatars 21-07-2023_05:47:09
PATCH /api/users/avatars 21-07-2023_05:53:34
POST /api/users/login 21-07-2023_05:55:49
PATCH /api/users/avatars 21-07-2023_05:56:19